<?xml version="1.0" encoding="UTF-8"?>
<testsuite xmlns:xsi="http://www.w3.org/2001/XMLSchema-instance" xsi:noNamespaceSchemaLocation="https://maven.apache.org/surefire/maven-surefire-plugin/xsd/surefire-test-report.xsd" name="LoginTest" time="0.022" tests="1" errors="0" skipped="0" failures="0">
  <properties>
    <property name="sun.desktop" value="windows"/>
    <property name="awt.toolkit" value="sun.awt.windows.WToolkit"/>
    <property name="file.encoding.pkg" value="sun.io"/>
    <property name="java.specification.version" value="1.8"/>
    <property name="sun.cpu.isalist" value="amd64"/>
    <property name="sun.jnu.encoding" value="Cp1252"/>
    <property name="java.class.path" value="C:\Users\jacob\IdeaProjects\VertXTimeManagement\target\test-classes;C:\Users\jacob\IdeaProjects\VertXTimeManagement\target\classes;C:\Users\jacob\.m2\repository\org\spigotmc\spigot-api\1.15.1-R0.1-SNAPSHOT\spigot-api-1.15.1-R0.1-SNAPSHOT.jar;C:\Users\jacob\.m2\repository\commons-lang\commons-lang\2.6\commons-lang-2.6.jar;C:\Users\jacob\.m2\repository\com\google\guava\guava\21.0\guava-21.0.jar;C:\Users\jacob\.m2\repository\com\google\code\gson\gson\2.8.0\gson-2.8.0.jar;C:\Users\jacob\.m2\repository\net\md-5\bungeecord-chat\1.13-SNAPSHOT\bungeecord-chat-1.13-SNAPSHOT.jar;C:\Users\jacob\.m2\repository\org\yaml\snakeyaml\1.25\snakeyaml-1.25.jar;C:\Users\jacob\.m2\repository\com\zaxxer\HikariCP\3.4.1\HikariCP-3.4.1.jar;C:\Users\jacob\.m2\repository\org\slf4j\slf4j-api\1.7.25\slf4j-api-1.7.25.jar;C:\Users\jacob\.m2\repository\mysql\mysql-connector-java\8.0.11\mysql-connector-java-8.0.11.jar;C:\Users\jacob\.m2\repository\com\google\protobuf\protobuf-java\2.6.0\protobuf-java-2.6.0.jar;C:\Users\jacob\.m2\repository\net\ess3\EssentialsX\2.16.1\EssentialsX-2.16.1.jar;C:\Users\jacob\.m2\repository\io\papermc\paperlib\1.0.2\paperlib-1.0.2.jar;C:\Users\jacob\.m2\repository\net\ess3\NMSProvider\2.16.1\NMSProvider-2.16.1.jar;C:\Users\jacob\.m2\repository\net\ess3\UpdatedMetaProvider\2.16.1\UpdatedMetaProvider-2.16.1.jar;C:\Users\jacob\.m2\repository\net\ess3\1_8_R1Provider\2.16.1\1_8_R1Provider-2.16.1.jar;C:\Users\jacob\.m2\repository\net\ess3\1_8_R2Provider\2.16.1\1_8_R2Provider-2.16.1.jar;C:\Users\jacob\.m2\repository\net\ess3\LegacyProvider\2.16.1\LegacyProvider-2.16.1.jar;C:\Users\jacob\.m2\repository\net\ess3\ReflectionProvider\2.16.1\ReflectionProvider-2.16.1.jar;C:\Users\jacob\.m2\repository\org\bukkit\bukkit\1.12.2-R0.1-SNAPSHOT\bukkit-1.12.2-R0.1-SNAPSHOT.jar;C:\Users\jacob\.m2\repository\com\googlecode\json-simple\json-simple\1.1.1\json-simple-1.1.1.jar;C:\Users\jacob\.m2\repository\junit\junit\4.10\junit-4.10.jar;C:\Users\jacob\.m2\repository\org\hamcrest\hamcrest-core\1.1\hamcrest-core-1.1.jar;C:\Users\jacob\.m2\repository\net\ess3\FlattenedProvider\2.16.1\FlattenedProvider-2.16.1.jar;C:\Users\jacob\.m2\repository\org\junit\jupiter\junit-jupiter-api\5.4.2\junit-jupiter-api-5.4.2.jar;C:\Users\jacob\.m2\repository\org\apiguardian\apiguardian-api\1.0.0\apiguardian-api-1.0.0.jar;C:\Users\jacob\.m2\repository\org\opentest4j\opentest4j\1.1.1\opentest4j-1.1.1.jar;C:\Users\jacob\.m2\repository\org\junit\platform\junit-platform-commons\1.4.2\junit-platform-commons-1.4.2.jar;C:\Users\jacob\.m2\repository\org\junit\jupiter\junit-jupiter-engine\5.4.2\junit-jupiter-engine-5.4.2.jar;C:\Users\jacob\.m2\repository\org\junit\platform\junit-platform-engine\1.4.2\junit-platform-engine-1.4.2.jar;"/>
    <property name="java.vm.vendor" value="Oracle Corporation"/>
    <property name="sun.arch.data.model" value="64"/>
    <property name="user.variant" value=""/>
    <property name="java.vendor.url" value="http://java.oracle.com/"/>
    <property name="user.timezone" value=""/>
    <property name="java.vm.specification.version" value="1.8"/>
    <property name="os.name" value="Windows 10"/>
    <property name="user.country" value="US"/>
    <property name="sun.java.launcher" value="SUN_STANDARD"/>
    <property name="sun.boot.library.path" value="C:\Program Files\Java\jdk1.8.0_231\jre\bin"/>
    <property name="sun.java.command" value="C:\Users\jacob\AppData\Local\Temp\surefire8975959445427430452\surefirebooter363304717733443580.jar C:\Users\jacob\AppData\Local\Temp\surefire8975959445427430452 2020-01-02T14-40-34_355-jvmRun1 surefire659051689921080658tmp surefire_09080404514043405182tmp"/>
    <property name="surefire.test.class.path" value="C:\Users\jacob\IdeaProjects\VertXTimeManagement\target\test-classes;C:\Users\jacob\IdeaProjects\VertXTimeManagement\target\classes;C:\Users\jacob\.m2\repository\org\spigotmc\spigot-api\1.15.1-R0.1-SNAPSHOT\spigot-api-1.15.1-R0.1-SNAPSHOT.jar;C:\Users\jacob\.m2\repository\commons-lang\commons-lang\2.6\commons-lang-2.6.jar;C:\Users\jacob\.m2\repository\com\google\guava\guava\21.0\guava-21.0.jar;C:\Users\jacob\.m2\repository\com\google\code\gson\gson\2.8.0\gson-2.8.0.jar;C:\Users\jacob\.m2\repository\net\md-5\bungeecord-chat\1.13-SNAPSHOT\bungeecord-chat-1.13-SNAPSHOT.jar;C:\Users\jacob\.m2\repository\org\yaml\snakeyaml\1.25\snakeyaml-1.25.jar;C:\Users\jacob\.m2\repository\com\zaxxer\HikariCP\3.4.1\HikariCP-3.4.1.jar;C:\Users\jacob\.m2\repository\org\slf4j\slf4j-api\1.7.25\slf4j-api-1.7.25.jar;C:\Users\jacob\.m2\repository\mysql\mysql-connector-java\8.0.11\mysql-connector-java-8.0.11.jar;C:\Users\jacob\.m2\repository\com\google\protobuf\protobuf-java\2.6.0\protobuf-java-2.6.0.jar;C:\Users\jacob\.m2\repository\net\ess3\EssentialsX\2.16.1\EssentialsX-2.16.1.jar;C:\Users\jacob\.m2\repository\io\papermc\paperlib\1.0.2\paperlib-1.0.2.jar;C:\Users\jacob\.m2\repository\net\ess3\NMSProvider\2.16.1\NMSProvider-2.16.1.jar;C:\Users\jacob\.m2\repository\net\ess3\UpdatedMetaProvider\2.16.1\UpdatedMetaProvider-2.16.1.jar;C:\Users\jacob\.m2\repository\net\ess3\1_8_R1Provider\2.16.1\1_8_R1Provider-2.16.1.jar;C:\Users\jacob\.m2\repository\net\ess3\1_8_R2Provider\2.16.1\1_8_R2Provider-2.16.1.jar;C:\Users\jacob\.m2\repository\net\ess3\LegacyProvider\2.16.1\LegacyProvider-2.16.1.jar;C:\Users\jacob\.m2\repository\net\ess3\ReflectionProvider\2.16.1\ReflectionProvider-2.16.1.jar;C:\Users\jacob\.m2\repository\org\bukkit\bukkit\1.12.2-R0.1-SNAPSHOT\bukkit-1.12.2-R0.1-SNAPSHOT.jar;C:\Users\jacob\.m2\repository\com\googlecode\json-simple\json-simple\1.1.1\json-simple-1.1.1.jar;C:\Users\jacob\.m2\repository\junit\junit\4.10\junit-4.10.jar;C:\Users\jacob\.m2\repository\org\hamcrest\hamcrest-core\1.1\hamcrest-core-1.1.jar;C:\Users\jacob\.m2\repository\net\ess3\FlattenedProvider\2.16.1\FlattenedProvider-2.16.1.jar;C:\Users\jacob\.m2\repository\org\junit\jupiter\junit-jupiter-api\5.4.2\junit-jupiter-api-5.4.2.jar;C:\Users\jacob\.m2\repository\org\apiguardian\apiguardian-api\1.0.0\apiguardian-api-1.0.0.jar;C:\Users\jacob\.m2\repository\org\opentest4j\opentest4j\1.1.1\opentest4j-1.1.1.jar;C:\Users\jacob\.m2\repository\org\junit\platform\junit-platform-commons\1.4.2\junit-platform-commons-1.4.2.jar;C:\Users\jacob\.m2\repository\org\junit\jupiter\junit-jupiter-engine\5.4.2\junit-jupiter-engine-5.4.2.jar;C:\Users\jacob\.m2\repository\org\junit\platform\junit-platform-engine\1.4.2\junit-platform-engine-1.4.2.jar;"/>
    <property name="sun.cpu.endian" value="little"/>
    <property name="user.home" value="C:\Users\jacob"/>
    <property name="user.language" value="en"/>
    <property name="java.specification.vendor" value="Oracle Corporation"/>
    <property name="java.home" value="C:\Program Files\Java\jdk1.8.0_231\jre"/>
    <property name="basedir" value="C:\Users\jacob\IdeaProjects\VertXTimeManagement"/>
    <property name="file.separator" value="\"/>
    <property name="line.separator" value="&#10;"/>
    <property name="java.vm.specification.vendor" value="Oracle Corporation"/>
    <property name="java.specification.name" value="Java Platform API Specification"/>
    <property name="java.awt.graphicsenv" value="sun.awt.Win32GraphicsEnvironment"/>
    <property name="surefire.real.class.path" value="C:\Users\jacob\AppData\Local\Temp\surefire8975959445427430452\surefirebooter363304717733443580.jar"/>
    <property name="sun.boot.class.path" value="C:\Program Files\Java\jdk1.8.0_231\jre\lib\resources.jar;C:\Program Files\Java\jdk1.8.0_231\jre\lib\rt.jar;C:\Program Files\Java\jdk1.8.0_231\jre\lib\sunrsasign.jar;C:\Program Files\Java\jdk1.8.0_231\jre\lib\jsse.jar;C:\Program Files\Java\jdk1.8.0_231\jre\lib\jce.jar;C:\Program Files\Java\jdk1.8.0_231\jre\lib\charsets.jar;C:\Program Files\Java\jdk1.8.0_231\jre\lib\jfr.jar;C:\Program Files\Java\jdk1.8.0_231\jre\classes"/>
    <property name="user.script" value=""/>
    <property name="sun.management.compiler" value="HotSpot 64-Bit Tiered Compilers"/>
    <property name="java.runtime.version" value="1.8.0_231-b11"/>
    <property name="user.name" value="jacob"/>
    <property name="path.separator" value=";"/>
    <property name="os.version" value="10.0"/>
    <property name="java.endorsed.dirs" value="C:\Program Files\Java\jdk1.8.0_231\jre\lib\endorsed"/>
    <property name="java.runtime.name" value="Java(TM) SE Runtime Environment"/>
    <property name="file.encoding" value="Cp1252"/>
    <property name="java.vm.name" value="Java HotSpot(TM) 64-Bit Server VM"/>
    <property name="localRepository" value="C:\Users\jacob\.m2\repository"/>
    <property name="java.vendor.url.bug" value="http://bugreport.sun.com/bugreport/"/>
    <property name="java.io.tmpdir" value="C:\Users\jacob\AppData\Local\Temp\"/>
    <property name="java.version" value="1.8.0_231"/>
    <property name="user.dir" value="C:\Users\jacob\IdeaProjects\VertXTimeManagement"/>
    <property name="os.arch" value="amd64"/>
    <property name="java.vm.specification.name" value="Java Virtual Machine Specification"/>
    <property name="java.awt.printerjob" value="sun.awt.windows.WPrinterJob"/>
    <property name="sun.os.patch.level" value=""/>
    <property name="java.library.path" value="C:\Program Files\Java\jdk1.8.0_231\jre\bin;C:\Windows\Sun\Java\bin;C:\Windows\system32;C:\Windows;C:\Program Files (x86)\Common Files\Oracle\Java\javapath;C:\Windows\system32;C:\Windows;C:\Windows\System32\Wbem;C:\Windows\System32\WindowsPowerShell\v1.0\;C:\Windows\System32\OpenSSH\;C:\Program Files\Git\cmd;C:\Users\jacob\AppData\Local\Microsoft\WindowsApps;C:\Maven\apache-maven-3.6.3-bin\apache-maven-3.6.3\bin;C:\Program Files\Java\jdk1.8.0_231\bin;;."/>
    <property name="java.vm.info" value="mixed mode"/>
    <property name="java.vendor" value="Oracle Corporation"/>
    <property name="java.vm.version" value="25.231-b11"/>
    <property name="java.ext.dirs" value="C:\Program Files\Java\jdk1.8.0_231\jre\lib\ext;C:\Windows\Sun\Java\lib\ext"/>
    <property name="sun.io.unicode.encoding" value="UnicodeLittle"/>
    <property name="java.class.version" value="52.0"/>
  </properties>
  <testcase name="mySQL" classname="LoginTest" time="0"/>
</testsuite>